<?xml version="1.0" encoding="UTF-8"?>
<!-- Generated by org.testng.reporters.JUnitXMLReporter -->
<testsuite ignored="0" hostname="DESKTOP-AHJ7FPI" failures="0" tests="8" name="Test4" time="141.334" errors="0" timestamp="2025-02-07T22:40:59 IST">
  <testcase classname="com.Test.LoginbeforeCheckout16" name="loginUser" time="43.395"/>
  <testcase classname="com.Test.Register_User1" name="registerUser" time="15.509"/>
  <testcase classname="com.Test.RemoveCrat17" name="products8" time="8.075"/>
  <testcase classname="com.Test.ViewCategoryProducts18" name="viewCategoryProducts18" time="8.725"/>
  <testcase classname="com.Test.BrandProducts19" name="brandProducts19" time="9.844"/>
  <testcase classname="com.Test.SearchProduct20" name="searchProducts" time="37.629"/>
  <testcase classname="com.Test.Review21" name="review21" time="10.514"/>
  <testcase classname="com.Test.Recommend22" name="recommend" time="7.63"/>
</testsuite> <!-- Test4 -->
