<?xml version="1.0" encoding="UTF-8"?>
<!-- Generated by org.testng.reporters.JUnitXMLReporter -->
<testsuite ignored="0" hostname="DESKTOP-AHJ7FPI" failures="0" tests="11" name="Test2" time="133.437" errors="0" timestamp="2025-02-07T22:36:48 IST">
  <testcase classname="com.Test.LoginWrongInput3" name="loginUserWrongInput" time="7.038"/>
  <testcase classname="com.Test.LogoutTest4" name="logoutTest" time="10.681"/>
  <testcase classname="com.Test.ExistingAcc5" name="existingAcc" time="9.241"/>
  <testcase classname="com.Test.ContactUs6" name="contactUs" time="9.639"/>
  <testcase classname="com.Test.TestCasesTab7" name="contactUs" time="9.022"/>
  <testcase classname="com.Test.Products8" name="products8" time="8.045"/>
  <testcase classname="com.Test.SearchTest9" name="products8" time="8.971"/>
  <testcase classname="com.Test.Subscription10" name="products8" time="44.514"/>
  <testcase classname="com.Test.Cart11" name="cartTese" time="6.007"/>
  <testcase classname="com.Test.AddProduct12" name="products8" time="9.473"/>
  <testcase classname="com.Test.ViwProduct13" name="products8" time="10.769"/>
</testsuite> <!-- Test2 -->
