<?xml version="1.0" encoding="UTF-8"?>
<testng-results ignored="0" total="1" passed="1" failed="0" skipped="0">
  <reporter-output>
  </reporter-output>
  <suite started-at="2025-02-07T10:41:12 IST" name="Default suite" finished-at="2025-02-07T10:41:34 IST" duration-ms="21426">
    <groups>
    </groups>
    <test started-at="2025-02-07T10:41:12 IST" name="Default test" finished-at="2025-02-07T10:41:34 IST" duration-ms="21426">
      <class name="com.Test.WithArrow25">
        <test-method signature="useArrow25()[pri:0, instance:com.Test.WithArrow25@73a1e9a9]" started-at="2025-02-07T10:41:12 IST" name="useArrow25" finished-at="2025-02-07T10:41:34 IST" duration-ms="21327" status="PASS">
          <reporter-output>
          </reporter-output>
        </test-method> <!-- useArrow25 -->
      </class> <!-- com.Test.WithArrow25 -->
    </test> <!-- Default test -->
  </suite> <!-- Default suite -->
</testng-results>
