<?xml version="1.0" encoding="UTF-8"?>
<testng-results ignored="0" total="1" passed="1" failed="0" skipped="0">
  <reporter-output>
  </reporter-output>
  <suite started-at="2025-02-07T10:18:22 IST" name="Default suite" finished-at="2025-02-07T10:19:20 IST" duration-ms="58376">
    <groups>
    </groups>
    <test started-at="2025-02-07T10:18:22 IST" name="Default test" finished-at="2025-02-07T10:19:20 IST" duration-ms="58376">
      <class name="com.Test.Invoice24">
        <test-method signature="products8()[pri:0, instance:com.Test.Invoice24@73a1e9a9]" started-at="2025-02-07T10:18:22 IST" name="products8" finished-at="2025-02-07T10:19:20 IST" duration-ms="58275" status="PASS">
          <reporter-output>
          </reporter-output>
        </test-method> <!-- products8 -->
      </class> <!-- com.Test.Invoice24 -->
    </test> <!-- Default test -->
  </suite> <!-- Default suite -->
</testng-results>
